<?xml version="1.0" encoding="UTF-8" ?>
<testsuite tests="8" failures="0" name="se233.chapter5.CharacterTest" time="1.316" errors="0" skipped="0">
  <properties>
[...]
</properties>
  <testcase classname="se233.chapter5.CharacterTest" name="characterCannotPassedIfCharacterIsReachingOnTheGameWall" time="0.717"/>
  <testcase classname="se233.chapter5.CharacterTest" name="characterCannotBeJumpIfCharacterIsNotBeingOnTheGroundAndUpperKeyCannotPressed" time="0.015"/>
  <testcase classname="se233.chapter5.CharacterTest" name="charactersCanCollidedAndThenKnockBack" time="0.02"/>
  <testcase classname="se233.chapter5.CharacterTest" name="characterShouldMoveToTheLeftAfterTheLeftKeyIsPressed" time="0.014"/>
  <testcase classname="se233.chapter5.CharacterTest" name="characterShouldMoveToTheRightAfterTheRightKeyIsPressed" time="0.013"/>
  <testcase classname="se233.chapter5.CharacterTest" name="characterCanBeJumpIfCharacterIsBeingOnTheGroundAndUpperKeyIsPressed" time="0.012"/>
  <testcase classname="se233.chapter5.CharacterTest" name="characterStompedToEachOtherThenGetScoreAndRespawn" time="0.514"/>
  <testcase classname="se233.chapter5.CharacterTest" name="characterInitialValuesShouldMatchConstructorArguments" time="0.011"/>
</testsuite>